<?xml version="1.0" encoding="UTF-8"?>
<testsuites name="Mocha Tests" time="1.5570" tests="1" failures="0">
  <testsuite name="Root Suite" timestamp="2021-09-17T14:52:53" tests="0" file="cypress/integration/Notifications.js" time="0.0000" failures="0">
  </testsuite>
  <testsuite name="Notifications" timestamp="2021-09-17T14:52:53" tests="1" time="1.5570" failures="0">
    <testcase name="Notifications Can view notifications" time="1.5570" classname="Can view notifications">
    </testcase>
  </testsuite>
</testsuites>